============================================================
  Generated by:           Genus(TM) Synthesis Solution 21.14-s082_1
  Generated on:           Aug 09 2025  01:41:18 am
  Module:                 complex_mult_datapath
  Operating conditions:   slow (balanced_tree)
  Wireload mode:          enclosed
  Area mode:              timing library
============================================================


Path 1: MET (7209 ps) Setup Check with Pin p_r_reg_reg[6]/CK->SI
          Group: clk
     Startpoint: (R) pp2_reg[0]/CK
          Clock: (R) clk
       Endpoint: (R) p_r_reg_reg[6]/SI
          Clock: (R) clk

                     Capture       Launch     
        Clock Edge:+   10000            0     
       Src Latency:+       0            0     
       Net Latency:+       0 (I)        0 (I) 
           Arrival:=   10000            0     
                                              
             Setup:-     234                  
       Uncertainty:-     100                  
     Required Time:=    9666                  
      Launch Clock:-       0                  
         Data Path:-    2457                  
             Slack:=    7209                  

#-------------------------------------------------------------------------------------------
#   Timing Point    Flags    Arc   Edge   Cell     Fanout Load Trans Delay Arrival Instance 
#                                                         (fF)  (ps)  (ps)   (ps)  Location 
#-------------------------------------------------------------------------------------------
  pp2_reg[0]/CK     -       -      R     (arrival)     32    -   100     0       0    (-,-) 
  pp2_reg[0]/Q      -       CK->Q  F     SDFFRHQX1      2  6.5    68   365     365    (-,-) 
  g2088__3680/Y     -       S0->Y  F     MXI2XL         1  4.9   175   181     547    (-,-) 
  g2040__8428/CO    -       CI->CO F     ADDFX1         1  4.9    96   273     819    (-,-) 
  g2029__2346/CO    -       CI->CO F     ADDFX1         1  4.9    96   250    1069    (-,-) 
  g2016__6131/CO    -       CI->CO F     ADDFX1         1  4.9    96   250    1319    (-,-) 
  g2006__5526/CO    -       CI->CO F     ADDFX1         1  4.9    96   250    1569    (-,-) 
  g1994__8428/CO    -       CI->CO F     ADDFX1         1  4.9    96   250    1819    (-,-) 
  g1987__4319/CO    -       CI->CO F     ADDFX1         1  4.9    96   250    2069    (-,-) 
  g1984__6260/S     -       CI->S  R     ADDFXL         2  5.6   132   388    2457    (-,-) 
  p_r_reg_reg[6]/SI <<<     -      R     SDFFRHQX1      2    -     -     0    2457    (-,-) 
#-------------------------------------------------------------------------------------------

