============================================================
  Generated by:           Genus(TM) Synthesis Solution 21.14-s082_1
  Generated on:           Aug 08 2025  11:47:34 pm
  Module:                 complex_multiplier_top
  Operating conditions:   slow (balanced_tree)
  Wireload mode:          enclosed
  Area mode:              timing library
============================================================


Path 1: MET (6369 ps) Setup Check with Pin datapath_inst_p_r_reg_reg[6]/CK->D
          Group: clk
     Startpoint: (R) fsm_inst_current_state_reg[0]/CK
          Clock: (R) clk
       Endpoint: (R) datapath_inst_p_r_reg_reg[6]/D
          Clock: (R) clk

                     Capture       Launch     
        Clock Edge:+   10000            0     
       Src Latency:+       0            0     
       Net Latency:+       0 (I)        0 (I) 
           Arrival:=   10000            0     
                                              
             Setup:-     234                  
       Uncertainty:-     100                  
     Required Time:=    9666                  
      Launch Clock:-       0                  
         Data Path:-    3297                  
             Slack:=    6369                  

#----------------------------------------------------------------------------------------------------------
#          Timing Point            Flags    Arc   Edge   Cell     Fanout Load Trans Delay Arrival Instance 
#                                                                        (fF)  (ps)  (ps)   (ps)  Location 
#----------------------------------------------------------------------------------------------------------
  fsm_inst_current_state_reg[0]/CK -       -      R     (arrival)     35    -   100     0       0    (-,-) 
  fsm_inst_current_state_reg[0]/Q  -       CK->Q  R     DFFRHQX1       5  9.3   110   392     392    (-,-) 
  g2379/Y                          -       A->Y   F     CLKINVX1       4  6.7    71    71     462    (-,-) 
  g2371__5107/Y                    -       C->Y   F     OR3X1         18 57.2   428   487     950    (-,-) 
  g2368/Y                          -       A->Y   R     CLKINVX1       9 19.5   241   255    1205    (-,-) 
  g2360__7098/Y                    -       B->Y   F     MXI2XL         1  4.9   224   166    1371    (-,-) 
  g2316__8246/CO                   -       CI->CO F     ADDFX1         1  4.9    97   288    1659    (-,-) 
  g2304__5477/CO                   -       CI->CO F     ADDFX1         1  4.9    96   250    1909    (-,-) 
  g2291__7482/CO                   -       CI->CO F     ADDFX1         1  4.9    96   250    2159    (-,-) 
  g2281__1617/CO                   -       CI->CO F     ADDFX1         1  4.9    96   250    2409    (-,-) 
  g2269__8428/CO                   -       CI->CO F     ADDFX1         1  4.9    96   250    2659    (-,-) 
  g2258__4319/CO                   -       CI->CO F     ADDFX1         1  4.9    96   250    2908    (-,-) 
  g2255__6260/S                    -       CI->S  R     ADDFXL         2  5.6   133   388    3297    (-,-) 
  datapath_inst_p_r_reg_reg[6]/D   <<<     -      R     SDFFRHQX1      2    -     -     0    3297    (-,-) 
#----------------------------------------------------------------------------------------------------------

